600 107 108069 0,6013856427378965 497 324
351 324 1
57 324 2
388 329 2
28 329 2
571 330 1
403 330 1
597 332 3
353 332 2
143 333 4
525 334 3
380 335 1
86 335 5
551 335 6
581 335 4
232 336 5
205 336 1
493 336 6
538 336 4
495 337 6
50 337 1
292 337 7
122 338 5
481 339 3
222 339 8
25 339 7
136 339 7
381 339 5
294 339 3
165 340 6
329 340 8
398 340 4
145 340 6
355 340 9
315 340 8
425 341 9
465 341 8
345 341 10
73 341 10
157 342 9
234 342 2
211 342 2
102 342 11
140 342 3
335 343 1
336 343 11
347 343 12
230 343 13
539 343 12
181 344 10
554 344 4
55 344 5
541 344 11
280 344 9
440 344 14
511 344 10
596 345 12
435 345 11
99 345 4
276 345 11
303 345 13
260 345 14
496 345 14
112 345 8
269 345 15
385 345 7
278 345 15
364 345 16
87 346 7
527 346 17
419 346 13
565 346 13
479 346 5
171 346 15
53 346 9
106 346 16
429 346 16
582 347 13
454 347 18
579 347 19
437 347 17
180 347 6
262 347 20
585 347 10
203 347 19
16 347 9
245 347 20
254 347 14
528 347 21
15 347 8
129 347 12
66 347 21
287 347 15
422 347 19
118 347 16
599 348 10
147 348 14
291 348 18
141 348 18
200 348 22
125 348 20
298 348 16
137 348 17
162 348 13
83 348 17
282 349 21
138 349 23
426 349 22
378 349 23
213 349 17
591 349 24
519 349 25
144 350 20
88 350 11
247 350 21
135 350 23
242 350 25
255 350 26
80 350 24
67 350 15
12 350 20
168 350 16
445 350 19
468 351 15
594 351 24
238 351 20
196 351 25
114 351 15
237 351 25
193 351 24
534 351 22
29 351 19
448 351 23
348 351 23
227 352 27
264 352 28
489 352 23
421 352 26
498 352 29
418 352 26
267 352 22
457 352 12
462 352 27
207 352 18
552 352 26
24 352 29
248 352 28
509 352 30
513 352 29
46 352 28
293 353 31
427 353 27
308 353 32
268 353 27
451 353 33
154 353 31
244 353 30
131 353 31
379 353 33
332 353 34
124 353 26
219 353 32
309 353 34
103 353 35
573 353 35
265 353 31
578 353 36
51 353 6
358 354 28
330 354 37
69 354 29
544 354 38
191 354 12
113 354 39
542 354 30
383 354 21
331 354 18
384 354 28
174 354 32
306 354 36
224 354 21
123 354 25
467 355 32
253 355 34
343 355 37
587 355 28
243 355 9
487 355 32
74 355 29
504 355 3
370 355 27
229 355 35
365 355 18
499 355 33
515 355 38
319 355 39
537 355 40
352 355 41
390 355 37
311 355 33
75 355 40
236 355 35
480 355 42
464 355 36
101 356 38
508 356 24
58 356 43
417 356 30
249 356 41
130 356 43
199 356 44
586 356 34
411 356 16
285 356 42
302 356 39
175 356 25
460 356 40
346 356 41
570 356 44
212 356 41
104 356 42
334 356 45
532 356 27
568 356 24
470 356 38
240 356 45
502 356 33
77 356 46
455 357 32
279 357 40
517 357 36
49 357 46
218 357 40
377 357 47
52 357 42
402 357 31
34 357 46
81 357 37
522 357 22
62 357 43
337 357 48
407 357 49
64 357 44
574 357 2
36 357 44
359 357 50
167 357 45
271 358 39
491 358 47
239 358 49
371 358 43
22 358 49
391 358 34
176 358 30
251 358 38
120 358 47
320 358 29
561 358 25
321 358 48
250 358 45
259 358 38
188 358 42
65 358 51
8 359 44
363 359 21
70 359 29
434 359 48
529 359 33
133 359 7
277 359 36
210 359 40
323 359 50
432 359 51
60 359 17
564 359 39
549 359 44
446 359 50
344 359 46
56 359 46
40 359 51
512 359 52
400 359 53
214 359 54
530 359 52
186 359 54
160 360 55
433 360 49
408 360 35
595 360 32
78 360 48
231 360 27
10 360 50
26 360 47
545 360 55
161 360 17
566 360 31
18 360 43
163 360 56
436 360 53
185 360 55
452 360 10
33 361 51
208 361 57
316 361 58
6 361 35
325 361 59
263 361 35
516 361 56
473 361 59
449 361 5
356 361 37
360 361 52
37 361 11
284 361 52
19 361 57
3 361 48
110 361 22
431 361 60
399 361 60
369 361 47
119 361 3
373 361 52
172 361 57
441 361 53
536 362 58
350 362 60
132 362 61
490 362 56
220 362 62
82 362 42
92 362 23
142 362 58
423 362 13
54 362 51
2 362 61
30 362 58
215 362 61
392 362 59
518 362 24
503 363 63
13 363 49
322 363 53
476 363 30
338 363 50
501 363 26
442 363 45
273 363 64
158 363 62
179 363 65
514 363 54
312 363 54
466 363 66
401 363 54
134 363 62
453 363 64
21 363 59
182 363 14
72 363 67
572 364 68
387 364 63
339 364 61
128 364 69
420 364 56
386 364 68
4 364 62
474 364 67
127 364 65
444 364 67
406 364 60
550 364 66
297 364 63
305 364 68
500 364 66
396 364 34
580 364 64
505 364 65
149 365 41
111 365 70
256 365 54
510 365 65
376 365 63
484 365 70
472 365 28
14 365 9
410 365 67
405 365 55
42 365 70
443 365 69
342 365 59
107 365 65
590 365 71
5 365 71
152 365 36
459 365 72
340 365 57
589 365 47
583 365 73
84 365 66
296 365 64
304 365 72
61 365 53
108 365 10
520 366 69
177 366 74
47 366 31
506 366 73
115 366 75
314 366 71
409 366 73
23 366 56
190 366 76
289 366 41
233 366 73
187 366 60
201 366 74
559 366 71
301 366 39
324 366 77
202 366 66
362 366 74
27 366 76
439 367 57
563 367 75
413 367 72
575 367 75
593 367 61
317 367 19
45 367 78
189 367 71
100 367 77
7 367 68
556 367 74
354 367 70
48 367 75
531 367 73
252 367 76
328 367 52
117 367 30
59 367 79
333 367 66
221 367 80
577 368 78
288 368 27
424 368 58
299 368 81
109 368 77
486 368 56
497 368 43
368 368 79
97 368 78
526 368 41
375 368 82
235 368 81
598 368 80
588 368 83
523 368 46
206 368 84
483 368 81
38 368 82
261 369 84
223 369 4
116 369 78
471 369 84
555 369 79
11 369 81
272 369 80
146 369 82
366 369 69
151 369 58
521 369 85
90 369 83
546 369 36
241 369 80
416 369 72
166 369 83
183 369 86
382 370 87
458 370 55
349 370 86
560 370 85
197 370 69
461 370 86
257 370 63
270 370 88
584 370 85
32 370 49
192 370 87
438 370 89
374 370 90
450 370 37
283 370 50
139 371 90
543 371 87
178 371 67
98 371 22
71 371 7
164 371 43
558 371 91
395 371 92
553 371 90
361 371 91
540 371 93
482 371 92
463 371 77
372 371 88
184 372 76
494 372 75
91 372 77
397 372 94
367 372 91
576 372 93
326 372 70
393 372 68
318 372 69
44 372 87
173 372 49
31 372 95
76 372 86
488 372 36
105 372 89
198 373 72
1 373 80
548 373 84
412 373 95
194 373 56
475 373 95
485 373 8
456 373 93
404 373 52
447 373 91
153 374 96
126 374 89
9 374 93
217 374 45
148 374 92
156 374 87
281 374 97
85 374 36
290 374 94
547 374 74
592 374 97
246 374 64
195 374 88
313 375 63
478 375 94
428 375 96
300 375 82
469 375 78
155 375 19
415 376 79
121 376 98
562 376 98
216 376 89
477 377 83
394 377 73
228 377 90
93 377 92
557 377 53
204 377 97
41 377 98
310 377 85
209 377 99
20 377 64
430 377 98
89 377 14
170 378 99
307 378 93
327 378 93
159 379 99
17 379 74
266 379 100
275 379 88
35 379 40
68 379 99
39 379 77
258 379 101
567 379 100
295 380 102
535 380 61
150 380 62
492 381 96
357 381 75
94 381 103
96 381 95
507 381 102
389 382 104
414 382 76
43 382 87
169 384 101
79 384 92
95 384 103
63 384 105
341 385 106
274 385 105
533 385 104
225 385 101
226 389 97
569 391 99
524 394 102
286 398 102
0 497 107
