1000 374 250500 0,5015015015015015 999 500
771 500 1
871 500 2
87 500 1
6 500 3
69 500 4
937 500 5
921 500 6
918 500 7
883 500 8
26 500 9
66 500 10
196 500 2
997 500 11
781 500 4
926 500 12
168 500 8
823 500 13
73 500 14
872 500 15
906 500 16
103 500 13
794 500 10
241 500 5
755 500 3
216 500 6
870 500 17
53 500 18
851 500 19
916 500 20
895 500 21
200 500 7
953 500 22
854 500 23
96 500 24
777 500 14
198 500 12
940 500 25
177 500 15
68 500 26
55 500 27
222 500 16
65 500 28
181 500 17
911 500 29
197 500 19
765 500 9
152 500 21
135 500 23
841 500 24
814 500 26
199 500 20
44 500 30
942 500 31
233 500 22
231 500 25
939 500 32
22 500 33
139 500 34
831 500 34
114 500 35
38 500 36
33 500 37
971 500 38
757 500 18
889 500 39
792 500 27
155 500 39
925 500 40
243 500 29
91 500 41
844 500 35
760 500 28
159 500 42
752 500 30
785 500 36
812 500 41
788 500 42
949 500 43
43 500 44
127 500 45
964 500 46
753 500 33
205 500 31
899 500 47
63 500 48
999 500 49
981 500 50
106 500 51
907 500 52
59 500 53
16 500 54
46 500 55
892 500 56
110 500 57
847 500 45
193 500 32
861 500 58
3 500 59
240 500 38
806 500 48
128 500 58
28 500 60
975 500 61
133 500 62
984 500 63
876 500 62
852 500 51
979 500 64
901 500 65
229 500 40
902 500 66
770 500 37
119 500 67
90 500 68
81 500 69
936 500 70
204 500 43
18 500 71
144 500 56
779 500 44
859 500 57
768 500 53
232 500 46
125 500 72
976 500 73
116 500 74
76 500 75
51 500 76
150 500 47
836 500 67
846 500 72
820 500 68
912 500 77
891 500 78
805 500 69
237 500 50
867 500 79
15 500 80
842 500 74
235 500 52
759 500 54
221 500 65
873 500 81
67 500 82
189 500 66
166 500 77
837 500 83
834 500 84
941 500 85
787 500 55
160 500 78
833 500 86
45 500 87
187 500 70
246 500 61
220 500 79
817 500 75
98 500 83
915 500 88
239 500 63
158 500 81
34 500 89
762 500 60
995 500 90
802 500 82
848 500 91
27 500 92
824 500 93
5 500 94
123 500 84
959 500 95
32 500 96
172 500 86
8 500 97
78 500 93
965 500 98
215 500 85
42 500 99
208 500 88
967 500 100
903 500 101
786 500 76
107 500 91
815 500 102
122 500 102
828 500 103
934 500 104
218 500 95
223 500 98
238 500 64
784 500 87
750 500 59
804 500 105
124 500 103
923 500 106
801 500 107
778 500 89
983 500 108
217 500 101
922 500 109
95 500 105
938 500 110
986 500 111
178 500 106
772 500 92
928 500 112
932 500 113
829 500 114
247 500 73
773 500 96
175 500 107
17 500 115
888 500 116
50 500 117
105 500 114
958 500 118
782 500 99
825 500 119
860 500 120
968 500 121
48 500 122
191 500 104
179 500 109
769 500 117
79 500 119
816 500 123
898 500 124
917 500 125
169 500 116
875 500 126
821 500 127
62 500 128
962 500 129
950 500 130
813 500 131
29 500 132
234 500 100
93 500 123
849 500 133
905 500 134
989 500 135
77 500 127
943 500 136
930 500 137
751 500 71
117 500 120
887 500 138
9 500 139
972 500 140
219 500 110
797 500 122
866 500 141
173 500 124
933 500 142
24 500 143
162 500 126
36 500 144
129 500 131
104 500 133
89 500 145
184 500 112
56 500 146
855 500 147
13 500 148
882 500 149
761 500 80
919 500 150
754 500 94
100 500 151
807 500 128
183 500 113
102 500 152
862 500 153
35 500 154
978 500 155
143 500 138
920 500 156
874 500 157
14 500 158
803 500 145
84 500 159
99 500 160
946 500 161
840 500 151
225 500 118
131 500 141
74 500 162
140 500 147
245 500 108
249 500 11
795 500 146
850 500 152
868 500 163
242 500 111
931 500 164
927 500 165
30 500 166
165 500 134
190 500 125
148 500 149
982 500 167
164 500 153
819 500 159
226 500 121
167 500 157
146 500 163
811 500 160
92 500 168
893 500 169
137 500 170
894 500 171
149 500 169
793 500 162
113 500 172
250 500 49
182 500 137
47 500 173
886 500 170
896 500 174
758 500 115
138 500 175
775 500 132
85 500 176
822 500 168
20 500 177
880 500 175
136 500 178
944 500 179
909 500 180
957 500 181
839 500 172
774 500 144
924 500 182
230 500 129
878 500 178
58 500 183
156 500 171
121 500 184
70 500 185
987 500 186
764 500 143
97 500 187
956 500 188
864 500 184
211 500 130
37 500 189
80 500 190
897 500 191
800 500 176
12 500 192
766 500 154
206 500 136
858 500 193
869 500 194
767 500 166
843 500 187
111 500 193
154 500 174
884 500 195
142 500 194
952 500 196
900 500 197
948 500 198
185 500 142
7 500 199
153 500 191
171 500 150
877 500 200
83 500 201
227 500 140
248 500 90
132 500 200
57 500 202
776 500 173
879 500 203
4 500 204
180 500 156
212 500 161
244 500 135
990 500 205
209 500 164
980 500 206
977 500 207
201 500 165
21 500 208
960 500 209
799 500 183
783 500 185
126 500 210
120 500 211
195 500 179
61 500 212
40 500 213
951 500 214
224 500 180
863 500 210
881 500 215
996 500 216
210 500 181
101 500 217
780 500 189
151 500 195
790 500 190
174 500 197
25 500 218
832 500 201
130 500 203
115 500 219
39 500 220
857 500 211
141 500 215
176 500 182
991 500 221
228 500 188
203 500 196
194 500 222
988 500 223
72 500 224
71 500 225
64 500 226
756 500 97
214 500 198
763 500 158
52 500 227
134 500 228
112 500 229
798 500 202
947 500 230
186 500 231
11 500 232
865 500 222
998 500 233
955 500 234
954 500 235
60 500 236
838 500 217
974 500 237
82 500 238
2 500 239
19 500 240
818 500 219
109 500 241
885 500 231
163 500 242
963 500 243
789 500 212
75 500 244
910 500 242
845 500 228
914 500 245
147 500 246
192 500 245
856 500 229
41 500 247
808 500 224
993 500 248
31 500 249
810 500 225
796 500 226
809 500 236
23 500 250
188 500 251
10 500 252
961 500 253
973 500 254
890 500 246
904 500 251
170 500 255
49 500 256
853 500 241
86 500 257
207 500 214
118 500 258
54 500 259
108 500 260
985 500 261
945 500 262
830 500 238
913 500 255
969 500 263
929 500 264
970 500 265
835 500 257
992 500 266
908 500 267
94 500 268
157 500 269
994 500 270
827 500 258
966 500 271
236 500 155
145 500 272
935 500 273
213 500 209
88 500 274
791 500 227
826 500 260
161 500 267
202 500 230
373 501 1
732 501 11
580 501 2
326 501 3
601 501 5
443 501 4
344 501 9
317 501 10
401 501 13
655 501 6
474 501 7
654 501 12
523 501 8
444 501 14
286 501 33
642 501 16
332 501 18
415 501 21
475 501 15
508 501 17
278 501 54
457 501 19
462 501 20
605 501 22
281 501 59
524 501 23
454 501 24
545 501 25
392 501 26
575 501 29
629 501 31
690 501 38
310 501 27
572 501 32
340 501 28
671 501 40
285 501 37
667 501 43
551 501 34
458 501 30
425 501 35
727 501 49
538 501 39
673 501 46
660 501 50
709 501 61
489 501 36
565 501 45
496 501 41
603 501 47
596 501 51
742 501 90
707 501 63
255 501 167
685 501 64
293 501 60
516 501 42
649 501 52
677 501 70
272 501 71
700 501 73
339 501 44
554 501 48
559 501 56
469 501 53
562 501 57
548 501 58
405 501 55
638 501 65
460 501 62
263 501 94
662 501 85
653 501 77
501 501 66
439 501 67
534 501 68
427 501 69
354 501 75
593 501 72
347 501 76
327 501 80
581 501 74
377 501 82
264 501 97
481 501 78
651 501 88
738 501 135
695 501 95
602 501 79
557 501 81
529 501 83
279 501 92
313 501 87
465 501 84
301 501 89
490 501 86
505 501 91
630 501 98
512 501 93
361 501 96
302 501 99
499 501 100
437 501 102
678 501 104
743 501 139
639 501 101
260 501 139
590 501 106
668 501 108
352 501 105
634 501 109
473 501 103
582 501 110
448 501 107
487 501 112
657 501 111
389 501 114
626 501 113
507 501 115
307 501 117
587 501 116
740 501 148
729 501 167
506 501 118
612 501 121
423 501 119
395 501 120
541 501 122
358 501 123
609 501 124
299 501 132
434 501 126
586 501 125
476 501 127
429 501 128
403 501 131
497 501 129
269 501 148
312 501 143
402 501 133
686 501 130
569 501 134
675 501 136
591 501 137
355 501 144
431 501 138
455 501 141
687 501 140
643 501 142
343 501 145
1 501 275
446 501 146
494 501 147
375 501 151
399 501 149
519 501 150
716 501 155
498 501 152
536 501 153
606 501 156
467 501 154
370 501 158
456 501 157
397 501 159
268 501 186
746 501 177
681 501 161
517 501 160
288 501 166
706 501 181
552 501 163
578 501 164
471 501 162
265 501 192
346 501 168
486 501 165
527 501 169
371 501 172
620 501 170
613 501 171
564 501 174
535 501 175
367 501 173
382 501 176
728 501 186
412 501 177
597 501 178
611 501 179
318 501 183
708 501 192
645 501 180
267 501 199
558 501 182
294 501 189
583 501 184
433 501 185
646 501 188
449 501 187
648 501 196
414 501 190
592 501 191
594 501 193
705 501 199
483 501 194
394 501 200
520 501 195
463 501 197
385 501 201
511 501 198
366 501 202
614 501 203
521 501 204
723 501 205
621 501 206
266 501 204
303 501 205
664 501 207
259 501 206
408 501 207
556 501 208
701 501 209
386 501 210
322 501 212
372 501 211
258 501 216
484 501 213
577 501 214
661 501 216
528 501 215
388 501 217
440 501 218
380 501 219
451 501 220
628 501 221
256 501 221
722 501 218
365 501 223
493 501 222
561 501 228
737 501 213
393 501 224
703 501 220
741 501 232
568 501 229
363 501 225
323 501 226
379 501 227
730 501 223
314 501 232
684 501 230
470 501 231
652 501 233
584 501 234
398 501 233
274 501 208
510 501 235
734 501 239
459 501 236
537 501 237
450 501 238
544 501 240
631 501 242
647 501 243
641 501 244
337 501 239
633 501 245
503 501 241
744 501 247
698 501 248
530 501 246
333 501 234
693 501 249
595 501 250
604 501 251
316 501 243
441 501 247
733 501 252
478 501 252
500 501 253
625 501 254
531 501 255
421 501 248
270 501 237
341 501 244
374 501 249
257 501 235
749 501 256
342 501 250
650 501 259
485 501 256
576 501 257
291 501 240
589 501 261
540 501 258
275 501 254
672 501 262
715 501 263
364 501 259
711 501 265
319 501 261
292 501 262
357 501 263
696 501 266
679 501 268
691 501 269
608 501 264
542 501 260
637 501 267
736 501 270
656 501 271
468 501 270
480 501 272
282 501 264
697 501 274
550 501 273
495 501 275
416 501 265
704 501 276
522 501 277
436 501 266
636 501 278
369 501 268
682 501 279
350 501 271
419 501 269
360 501 274
284 501 273
407 501 276
309 501 278
298 501 279
683 501 280
717 501 281
492 501 282
331 501 280
619 501 283
627 501 284
714 501 285
308 501 281
453 501 285
599 501 286
659 501 287
445 501 288
712 501 288
504 501 289
325 501 283
335 501 284
710 501 290
404 501 287
315 501 286
400 501 290
670 501 291
321 501 291
466 501 292
290 501 293
567 501 293
555 501 294
300 501 294
368 501 295
610 501 296
383 501 297
509 501 298
623 501 295
665 501 297
618 501 299
692 501 300
297 501 296
566 501 301
477 501 302
417 501 300
351 501 299
280 501 301
311 501 303
435 501 304
413 501 305
676 501 303
617 501 306
349 501 306
438 501 307
447 501 308
570 501 309
719 501 292
430 501 310
396 501 311
702 501 304
739 501 272
546 501 312
533 501 313
251 501 277
607 501 314
694 501 305
418 501 315
472 501 316
276 501 309
579 501 317
644 501 318
261 501 312
513 501 319
745 501 282
420 501 320
574 501 321
442 501 322
422 501 323
254 501 298
720 501 307
345 501 314
384 501 318
571 501 324
273 501 313
640 501 325
488 501 326
491 501 327
689 501 310
585 501 328
426 501 329
666 501 311
338 501 325
718 501 308
362 501 330
735 501 302
271 501 317
409 501 331
663 501 330
553 501 332
518 501 333
560 501 334
615 501 335
252 501 289
324 501 328
378 501 336
277 501 321
532 501 337
334 501 335
721 501 315
680 501 320
356 501 338
289 501 324
410 501 339
658 501 336
632 501 338
296 501 332
515 501 340
406 501 341
624 501 342
353 501 342
461 501 343
262 501 319
674 501 323
724 501 316
428 501 344
539 501 345
573 501 346
525 501 347
699 501 322
514 501 348
376 501 349
306 501 334
424 501 350
713 501 329
432 501 351
669 501 331
304 501 346
563 501 352
381 501 353
390 501 354
588 501 355
600 501 356
526 501 357
731 501 339
748 501 275
747 501 326
726 501 341
330 501 355
622 501 358
287 501 345
479 501 359
549 501 360
411 501 361
305 501 352
688 501 344
328 501 356
336 501 358
543 501 362
320 501 363
635 501 349
482 501 364
329 501 365
295 501 360
283 501 362
359 501 366
391 501 367
598 501 363
348 501 368
387 501 369
547 501 370
502 501 371
616 501 365
452 501 372
464 501 373
725 501 343
253 502 333
0 999 374
