600 71 72154 0,4015247634947134 377 205
557 205 1
259 212 1
521 212 2
272 212 2
62 213 3
169 213 1
531 213 4
229 213 3
295 214 2
543 214 1
525 215 1
82 215 1
160 216 3
235 216 2
73 217 2
491 218 1
201 218 4
142 218 4
233 218 5
490 218 3
57 218 5
133 219 4
461 219 3
247 219 5
460 220 6
426 220 1
306 220 6
410 220 7
186 221 3
317 221 3
386 221 6
298 221 5
488 221 5
390 221 7
190 221 8
536 221 7
433 221 5
257 221 4
349 222 8
154 222 6
380 222 9
356 222 8
180 222 8
450 223 9
326 223 6
309 223 10
105 223 10
250 223 6
59 223 7
515 223 8
173 223 6
376 223 6
354 224 3
197 224 9
113 224 10
149 224 1
355 224 9
213 224 7
466 225 9
346 225 11
63 225 11
147 225 10
332 225 12
255 225 10
208 225 2
241 225 13
305 225 4
343 226 9
449 226 2
184 226 2
462 226 1
555 226 11
422 226 13
271 226 3
367 226 3
509 226 11
280 226 14
419 226 11
185 226 4
3 226 12
214 227 5
529 227 7
125 227 2
534 227 9
404 227 11
416 227 9
43 227 14
575 227 11
206 227 12
474 227 14
75 227 10
35 227 13
302 227 12
455 227 15
65 228 13
577 228 5
107 228 13
266 228 14
423 228 15
592 228 8
415 228 15
481 228 5
572 228 12
401 228 8
325 229 14
150 229 15
51 229 14
563 229 16
400 229 6
513 229 11
94 229 7
270 229 17
442 230 16
361 230 15
314 230 17
358 230 9
564 230 16
516 230 6
284 230 16
64 230 8
420 230 18
530 230 18
297 231 8
216 231 9
254 231 17
269 231 11
429 231 3
567 231 18
195 231 19
468 231 20
323 231 7
117 231 12
127 231 18
537 231 17
61 231 5
193 231 19
337 231 10
409 231 4
478 232 19
237 232 20
299 232 21
576 232 18
58 232 19
328 232 19
162 232 17
579 232 22
307 233 16
1 233 7
453 233 15
50 233 13
434 233 18
223 233 10
550 233 12
578 233 20
338 233 22
231 233 23
584 233 16
91 233 12
335 233 19
414 233 3
25 233 10
375 233 4
438 233 21
88 234 8
108 234 16
541 234 17
582 234 21
122 234 4
504 234 23
182 234 22
556 234 12
47 234 21
161 234 14
359 234 21
278 234 21
274 234 20
546 234 11
408 234 8
470 234 22
95 234 20
288 234 23
200 235 23
492 235 24
215 235 21
261 235 23
116 235 24
221 235 21
23 235 2
32 235 19
148 235 7
224 235 14
417 235 23
357 235 20
228 235 25
316 235 24
469 235 26
440 235 26
29 236 27
444 236 25
350 236 23
369 236 25
283 236 22
68 236 18
383 236 26
418 236 15
483 236 27
387 236 24
588 236 22
71 236 18
362 236 28
519 236 20
24 236 18
344 236 20
569 236 25
6 236 4
196 236 13
218 236 26
336 236 22
26 236 19
230 237 24
134 237 27
78 237 28
301 237 26
562 237 28
285 237 13
31 237 20
135 237 29
363 237 14
15 237 25
374 237 26
348 237 30
153 237 13
101 237 17
92 237 28
103 237 4
277 237 13
276 237 31
9 238 14
163 238 24
56 238 32
66 238 12
560 238 29
372 238 30
166 238 22
320 238 28
289 238 27
568 238 19
565 238 26
54 238 19
388 238 33
318 238 22
511 238 30
384 238 24
476 238 29
518 238 25
570 238 29
140 239 31
457 239 30
118 239 30
227 239 14
524 239 33
394 239 23
345 239 27
210 239 27
381 239 15
552 239 2
176 239 32
311 239 33
463 239 34
27 239 25
407 239 32
585 239 23
599 239 1
67 239 34
98 239 5
586 239 31
80 239 33
245 239 29
501 239 32
425 240 35
484 240 24
452 240 36
12 240 31
527 240 35
315 240 34
334 240 31
159 240 29
249 240 30
211 240 25
493 240 31
183 240 30
495 240 26
427 240 36
137 240 1
398 240 23
589 240 32
304 240 16
199 240 34
494 240 29
479 240 29
505 240 32
177 241 21
13 241 36
119 241 28
79 241 35
583 241 24
542 241 33
188 241 37
533 241 38
549 241 27
598 241 26
406 241 39
538 241 27
321 241 28
267 241 32
482 241 33
539 241 34
74 241 34
273 241 10
441 241 40
396 241 38
264 241 35
84 241 37
459 242 39
240 242 37
220 242 36
171 242 32
248 242 11
293 242 33
553 242 38
10 242 27
389 242 37
260 242 18
97 242 36
17 242 35
209 242 38
471 242 33
535 242 14
489 242 28
110 242 38
60 242 41
498 242 34
129 243 40
448 243 39
253 243 40
561 243 42
243 243 41
85 243 37
11 243 24
128 243 10
130 243 23
115 243 21
4 243 41
300 243 42
21 243 38
165 243 36
510 243 42
262 243 39
485 243 1
385 243 37
507 243 41
347 243 43
313 243 44
545 243 43
181 243 7
467 243 8
141 243 38
487 243 44
8 243 42
158 244 39
523 244 36
371 244 45
547 244 40
174 244 31
99 244 41
151 244 43
121 244 44
512 244 12
232 244 44
87 244 39
566 244 16
454 244 35
330 244 45
239 244 46
202 244 43
265 244 41
53 244 41
89 244 37
164 244 40
431 245 46
152 245 46
352 245 47
7 245 47
155 245 33
445 245 40
76 245 29
540 245 48
506 245 17
322 245 43
126 245 24
312 245 39
597 245 45
286 245 45
514 245 36
351 245 47
252 245 35
222 245 49
360 246 42
282 246 46
503 246 49
157 246 38
447 246 48
198 246 46
192 246 43
403 246 47
496 246 43
392 246 44
526 246 47
194 246 38
49 246 48
353 246 42
435 246 44
28 247 43
275 247 37
548 247 42
281 247 50
81 247 17
251 247 49
77 247 7
319 247 16
287 247 50
594 247 37
5 247 35
500 247 51
405 247 8
477 247 48
480 247 46
327 247 48
42 247 49
170 247 50
370 247 48
217 248 34
497 248 51
191 248 51
33 248 40
236 248 45
411 248 35
458 248 52
590 248 53
329 248 31
391 248 49
339 248 51
591 248 53
246 248 47
114 248 49
573 248 32
106 248 46
146 248 44
595 248 52
263 248 3
296 248 52
451 248 52
421 248 25
331 249 15
52 249 48
111 249 54
333 249 53
580 249 28
464 249 49
581 249 39
528 249 52
378 249 23
34 249 55
430 249 55
55 250 53
413 250 52
365 250 44
40 250 10
205 250 56
143 250 50
554 250 20
472 250 54
242 250 54
179 250 34
175 250 36
39 251 56
437 251 26
45 251 57
203 251 54
473 251 56
310 251 45
502 251 53
167 251 55
14 251 58
465 251 59
551 251 55
443 251 52
124 251 51
172 251 42
303 251 57
178 252 52
428 252 59
38 252 60
377 252 51
226 253 55
112 253 40
486 253 53
131 253 53
559 253 33
517 253 59
341 253 57
308 253 58
44 253 61
596 253 18
93 253 50
373 253 56
292 254 57
368 254 53
41 254 39
30 254 51
324 254 60
522 254 56
366 254 20
402 254 62
139 254 54
187 254 49
144 254 54
20 254 50
16 255 59
244 255 58
156 255 28
574 255 59
544 255 61
100 255 25
399 255 47
96 256 61
593 256 56
22 256 46
382 256 5
294 256 61
412 256 52
342 256 62
508 256 51
558 256 37
291 256 50
2 256 30
436 256 50
70 257 60
104 257 34
212 257 59
340 257 55
424 258 58
379 258 60
136 258 62
397 258 54
168 258 58
204 258 63
86 258 56
138 259 45
37 259 63
219 259 56
520 259 62
279 259 55
268 259 40
587 259 60
238 260 61
446 260 64
123 260 64
36 260 65
499 260 66
19 261 16
258 261 16
571 261 65
364 261 17
109 261 63
256 261 60
83 262 66
132 262 64
72 262 65
69 262 67
395 262 67
102 263 66
189 264 68
145 264 68
393 264 59
234 264 69
90 264 62
290 265 64
48 265 62
475 265 57
46 265 57
225 266 66
207 266 41
532 267 65
18 270 63
432 271 66
439 272 70
120 274 58
456 275 63
0 377 71
