600 214 161838 0,9006010016694491 592 517
162 517 1
552 518 2
107 518 3
542 520 1
136 521 2
214 521 4
158 521 5
539 521 6
209 521 6
466 522 7
223 522 4
392 522 3
337 524 5
45 524 8
132 525 8
188 525 9
410 525 10
49 525 10
475 525 5
138 526 11
456 526 11
5 526 12
246 526 13
168 526 14
152 526 15
148 526 16
186 527 14
408 527 7
412 527 12
165 527 17
125 527 18
153 527 19
593 527 9
404 527 10
488 527 16
557 527 19
354 528 10
29 528 13
413 528 7
476 528 15
100 528 20
536 528 11
487 528 17
271 528 21
8 529 20
166 529 22
468 529 23
242 529 24
182 529 24
21 529 22
310 529 25
368 530 12
415 530 25
243 530 26
4 530 21
521 530 5
576 530 6
426 530 16
305 530 23
461 530 18
417 530 27
144 530 9
371 530 26
11 530 28
546 530 28
524 531 29
40 531 29
436 531 29
322 531 30
273 531 31
451 531 32
106 531 32
335 531 30
594 531 31
176 531 33
264 531 34
93 531 2
65 531 13
46 531 24
51 531 35
61 531 34
425 531 36
598 531 37
88 532 4
301 532 16
597 532 35
583 532 7
160 532 35
311 532 24
282 532 38
372 532 23
270 532 39
482 532 40
379 532 20
378 532 19
96 532 41
135 532 42
421 532 15
390 532 1
241 532 33
57 532 22
122 532 14
523 532 21
240 533 43
195 533 36
285 533 37
535 533 44
403 533 41
23 533 3
33 533 27
92 533 9
367 533 25
329 533 40
580 533 38
559 533 32
469 533 26
300 533 43
414 533 45
375 533 39
446 533 17
90 533 26
41 533 46
512 533 44
15 533 46
143 533 42
517 533 47
111 533 48
227 533 49
431 534 50
549 534 49
127 534 48
318 534 51
18 534 52
222 534 45
389 534 53
520 534 38
394 534 43
25 534 14
244 534 8
95 534 28
262 534 52
566 534 19
17 534 46
374 534 44
541 534 54
185 534 54
193 534 47
338 534 37
510 534 55
53 535 51
177 535 56
79 535 36
228 535 33
150 535 18
447 535 57
401 535 57
511 535 58
518 535 59
129 535 60
383 535 55
509 535 40
145 535 42
72 535 23
343 535 61
89 535 62
381 535 30
39 535 58
275 535 61
184 535 60
346 535 56
360 536 41
229 536 53
236 536 50
565 536 63
22 536 64
490 536 65
7 536 63
591 536 59
200 536 66
599 536 62
272 536 57
267 536 64
164 536 65
442 536 67
16 536 52
528 536 54
151 536 66
584 536 50
212 536 33
480 536 68
103 536 45
526 536 69
109 536 70
582 536 69
98 536 71
460 536 72
180 536 67
444 536 73
579 536 72
114 536 70
71 536 59
296 537 74
373 537 75
471 537 71
418 537 68
314 537 61
86 537 73
294 537 76
358 537 77
340 537 72
279 537 68
316 537 78
527 537 77
134 537 76
589 537 75
384 537 79
113 537 39
370 537 49
570 537 80
197 537 81
315 537 34
433 537 32
142 537 74
283 538 22
155 538 55
400 538 82
274 538 83
170 538 84
581 538 49
411 538 62
496 538 85
116 538 86
204 538 87
486 538 84
31 538 88
55 538 83
263 538 78
97 538 89
377 538 90
42 538 63
472 538 79
416 538 80
362 538 84
99 538 91
27 538 90
203 538 67
172 538 71
321 538 82
63 538 92
397 538 87
307 538 81
519 538 93
35 538 92
587 538 94
48 538 89
369 538 31
251 539 95
32 539 96
320 539 85
308 539 97
175 539 88
441 539 88
124 539 91
291 539 86
592 539 98
178 539 99
427 539 68
350 539 51
449 539 95
473 539 100
347 539 93
257 539 56
530 539 3
247 539 6
477 539 101
146 539 94
167 539 102
574 539 103
548 539 102
91 539 104
376 539 101
409 539 105
171 539 53
141 539 46
248 539 85
529 539 106
137 540 106
453 540 96
484 540 107
108 540 64
233 540 100
505 540 90
439 540 108
68 540 98
342 540 109
26 540 58
24 540 35
485 540 110
281 540 104
312 540 111
34 540 99
328 540 101
544 540 103
534 540 1
333 540 112
396 540 83
292 540 74
553 540 105
571 540 17
351 540 86
502 540 95
36 540 87
295 540 108
211 540 107
498 540 112
28 540 74
192 540 113
508 540 80
87 540 114
500 540 97
119 540 115
289 540 116
123 540 73
590 540 42
492 540 117
130 540 115
265 540 118
483 540 118
385 541 5
101 541 117
481 541 53
128 541 119
324 541 38
504 541 111
174 541 110
495 541 120
210 541 121
561 541 113
457 541 105
537 541 119
10 541 111
70 541 122
596 541 123
437 541 109
277 541 121
336 541 110
388 541 124
331 541 125
454 541 59
293 541 120
434 541 109
139 541 124
423 541 126
297 541 97
259 541 60
323 541 127
19 541 127
341 541 60
249 541 92
450 541 128
348 541 122
147 541 91
551 542 100
250 542 123
422 542 108
201 542 77
221 542 70
387 542 69
356 542 129
349 542 126
43 542 116
157 542 75
206 542 130
395 542 131
430 542 48
326 542 98
313 542 27
159 542 132
276 542 129
572 542 128
208 542 133
230 542 134
254 542 135
198 542 136
399 542 107
84 542 137
506 542 130
467 542 104
260 542 138
440 542 138
533 542 114
224 542 96
196 542 134
563 542 81
560 542 131
419 542 45
112 542 139
497 542 140
352 542 133
501 542 66
183 542 137
110 542 99
522 542 114
30 543 140
327 543 55
432 543 125
364 543 141
202 543 142
532 543 143
54 543 144
205 543 145
361 543 124
357 543 146
380 543 147
478 543 142
215 543 47
550 543 135
231 543 132
304 543 144
586 543 148
237 543 129
585 543 149
499 543 34
515 543 141
6 543 150
73 543 78
334 543 139
225 543 2
261 543 12
569 543 151
556 543 79
464 543 149
133 543 143
75 543 112
554 543 148
330 544 145
190 544 152
406 544 152
474 544 105
219 544 137
226 544 103
56 544 94
218 544 29
424 544 118
181 544 89
558 544 147
503 544 153
179 544 84
3 544 154
302 544 146
547 544 150
120 544 118
278 544 153
268 544 155
232 544 156
577 544 157
58 544 158
463 544 106
494 544 125
443 544 159
217 544 150
74 545 80
516 545 140
420 545 151
290 545 160
69 545 161
398 545 162
121 545 163
459 545 160
359 545 164
163 545 165
66 545 122
452 545 132
402 545 76
303 545 166
287 545 167
280 545 168
317 545 164
345 545 157
514 546 15
435 546 117
299 546 154
407 546 131
438 546 156
67 546 169
573 546 166
284 546 170
104 546 171
288 546 159
455 546 172
220 546 154
465 546 170
2 546 173
428 546 174
266 546 162
513 546 175
62 546 176
94 546 169
126 546 136
491 547 175
382 547 161
588 547 177
239 547 158
60 547 113
448 547 155
38 547 120
355 547 165
445 547 136
191 547 133
306 547 13
353 547 167
64 547 90
12 547 163
555 547 156
13 547 172
344 547 173
14 547 178
213 547 177
47 547 179
489 547 171
245 548 180
564 548 178
462 548 181
140 548 168
578 548 64
429 548 182
131 548 146
173 548 183
540 548 152
386 548 183
234 548 153
309 548 184
363 548 143
82 548 142
1 548 185
258 548 186
365 548 187
149 548 181
115 548 179
595 549 185
199 549 116
332 549 70
538 549 113
194 549 177
255 549 188
286 549 189
80 549 182
393 549 190
154 549 191
562 549 76
156 549 186
37 549 192
238 549 193
50 549 194
216 549 187
102 549 195
479 549 196
77 549 197
531 550 174
319 550 190
405 550 180
85 550 184
187 550 198
507 550 199
298 550 193
256 551 176
52 551 200
543 551 201
269 551 189
525 551 196
567 551 202
161 551 203
117 551 197
575 551 192
169 552 204
545 552 205
391 552 194
76 552 196
78 552 188
9 552 206
83 552 147
81 553 202
105 553 207
493 553 123
44 553 200
325 554 203
366 554 208
235 555 209
20 555 210
207 555 195
118 555 206
252 555 209
568 555 201
189 555 211
59 556 82
470 556 65
339 557 212
253 558 155
458 561 213
0 592 214
