1000 594 374750 0,7502502502502503 999 749
369 749 1
11 749 2
872 749 1
67 749 3
277 749 4
23 749 5
180 749 6
676 749 3
202 749 7
984 749 8
666 749 4
706 749 6
782 749 7
366 749 8
732 749 9
748 749 10
876 749 11
47 749 12
45 749 13
649 749 12
117 749 9
684 749 14
91 749 14
945 749 15
265 749 10
948 749 16
245 749 17
364 749 11
110 749 18
753 749 17
901 749 19
235 749 20
957 749 21
849 749 20
689 749 18
40 749 22
668 749 13
994 749 23
785 749 24
258 749 24
715 749 25
256 749 25
77 749 26
125 749 27
191 749 28
57 749 29
669 749 26
718 749 27
135 749 30
813 749 28
6 749 31
861 749 32
942 749 33
270 749 32
209 749 34
88 749 35
196 749 36
949 749 37
341 749 15
891 749 38
287 749 19
66 749 39
890 749 40
226 749 41
122 749 42
992 749 43
679 749 29
34 749 44
674 749 30
166 749 45
30 749 46
89 749 47
353 749 16
962 749 48
200 749 49
659 749 22
961 749 50
35 749 51
363 749 21
930 749 52
273 749 38
20 749 53
635 749 2
720 749 34
773 749 36
817 749 41
627 749 5
358 749 33
866 749 54
144 749 55
928 749 56
188 749 57
810 749 49
879 749 58
93 749 59
678 749 35
103 749 60
895 749 61
628 749 31
672 749 39
965 749 62
867 749 63
104 749 64
786 749 45
739 749 42
113 749 65
747 749 55
56 749 66
227 749 67
686 749 47
927 749 68
225 749 69
877 749 70
924 749 71
306 749 40
160 749 72
215 749 73
859 749 74
816 749 67
284 749 54
327 749 37
296 749 58
837 749 69
766 749 57
372 749 23
660 749 51
87 749 75
298 749 61
905 749 76
136 749 77
696 749 59
322 749 52
205 749 78
889 749 79
645 749 44
779 749 72
894 749 80
693 749 60
721 749 64
339 749 48
746 749 73
896 749 81
309 749 56
362 749 50
969 749 82
53 749 83
16 749 84
670 749 65
966 749 85
906 749 86
784 749 78
96 749 87
99 749 88
839 749 89
338 749 63
179 749 90
39 749 91
900 749 92
38 749 93
914 749 94
922 749 95
361 749 62
733 749 77
81 749 96
347 749 68
764 749 90
69 749 97
198 749 98
920 749 99
152 749 100
796 749 98
132 749 101
133 749 102
634 749 46
98 749 103
964 749 104
259 749 70
140 749 105
280 749 74
832 749 106
321 749 71
330 749 76
788 749 107
12 749 108
982 749 109
852 749 110
946 749 111
276 749 79
254 749 89
774 749 100
865 749 112
214 749 106
933 749 113
100 749 114
75 749 115
28 749 116
904 749 117
675 749 66
71 749 118
2 749 119
161 749 120
331 749 80
845 749 121
842 749 122
17 749 123
333 749 81
51 749 124
778 749 120
727 749 101
981 749 125
873 749 126
260 749 107
332 749 86
863 749 127
164 749 128
500 749 43
325 749 92
781 749 128
742 749 102
644 749 53
360 749 82
974 749 129
158 749 130
48 749 131
893 749 132
147 749 133
791 749 134
631 749 75
219 749 122
939 749 135
334 749 94
967 749 136
257 749 110
27 749 137
320 749 95
650 749 83
335 749 99
657 749 87
289 749 112
79 749 138
268 749 121
344 749 85
14 749 139
342 749 104
986 749 140
826 749 141
62 749 142
909 749 143
195 749 134
815 749 144
952 749 145
124 749 146
641 749 84
971 749 147
222 749 141
359 749 109
818 749 148
759 749 105
271 749 126
192 749 144
178 749 149
940 749 150
923 749 151
19 749 152
814 749 153
293 749 117
348 749 111
651 749 88
137 749 154
989 749 155
106 749 156
185 749 157
821 749 158
671 749 96
947 749 159
824 749 160
286 749 127
346 749 113
777 749 130
702 749 103
167 749 161
329 749 132
691 749 97
918 749 162
999 749 163
131 749 164
899 749 165
101 749 166
291 749 143
972 749 167
253 749 148
5 749 168
760 749 133
655 749 91
301 749 151
799 749 149
221 749 153
21 749 169
835 749 170
252 749 158
697 749 114
351 749 129
857 749 171
290 749 160
751 749 154
60 749 172
119 749 173
798 749 157
717 749 146
869 749 174
190 749 175
42 749 176
223 749 170
820 749 177
830 749 178
734 749 161
278 749 165
988 749 179
738 749 164
765 749 175
211 749 177
150 749 180
157 749 181
646 749 93
868 749 182
311 749 162
995 749 183
925 749 184
722 749 156
640 749 115
680 749 118
806 749 185
249 749 171
870 749 186
229 749 178
349 749 135
844 749 187
1 749 188
304 749 174
960 749 189
769 749 180
703 749 138
108 749 190
699 749 166
231 749 185
886 749 191
307 749 182
172 749 192
269 749 186
735 749 173
944 749 193
319 749 150
929 749 194
840 749 195
74 749 196
711 749 181
83 749 197
90 749 198
878 749 199
328 749 145
768 749 192
633 749 108
323 749 159
819 749 200
724 749 190
787 749 201
980 749 202
800 749 203
723 749 204
156 749 204
851 749 205
956 749 206
26 749 207
698 749 196
142 749 208
22 749 209
246 749 187
658 749 124
829 749 210
682 749 142
357 749 125
985 749 211
250 749 195
8 749 212
165 749 201
326 749 184
32 749 213
673 749 131
629 749 116
126 749 214
880 749 215
367 749 136
951 749 216
912 749 217
262 749 191
182 749 203
59 749 218
754 749 208
374 749 140
636 749 123
175 749 219
858 749 220
151 749 221
809 749 222
856 749 223
728 749 214
64 749 224
111 749 225
744 749 219
18 749 226
978 749 227
149 749 228
13 749 229
884 749 230
183 749 231
902 749 232
324 749 193
790 749 231
775 749 221
864 749 233
116 749 234
776 749 235
642 749 137
174 749 235
795 749 236
987 749 237
976 749 238
853 749 239
725 749 225
941 749 240
656 749 172
107 749 241
114 749 242
998 749 243
95 749 244
275 749 199
155 749 245
52 749 246
121 749 247
761 749 228
25 749 248
86 749 249
736 749 234
892 749 250
898 749 251
139 749 252
343 749 189
783 749 253
171 749 236
871 749 254
299 749 200
154 749 255
50 749 256
932 749 257
49 749 258
897 749 259
55 749 260
705 749 197
294 749 205
975 749 261
756 749 245
843 749 262
267 749 210
919 749 263
714 749 198
193 749 222
92 749 264
687 749 224
847 749 265
314 749 194
654 749 176
285 749 215
295 749 217
212 749 253
220 749 262
118 749 266
943 749 267
68 749 268
373 749 147
663 749 218
272 749 220
115 749 269
713 749 241
662 749 242
841 749 270
770 749 255
828 749 271
983 749 272
163 749 273
772 749 273
316 749 223
931 749 274
970 749 275
145 749 276
741 749 247
937 749 277
203 749 271
665 749 244
146 749 278
831 749 279
885 749 280
300 749 230
907 749 281
838 749 282
695 749 249
134 749 283
664 749 246
855 749 284
274 749 233
690 749 252
850 749 285
44 749 286
37 749 287
238 749 239
934 749 288
159 749 289
911 749 290
129 749 291
138 749 292
822 749 293
303 749 232
352 749 167
883 749 294
882 749 295
58 749 296
84 749 297
639 749 139
242 749 265
282 749 250
745 749 276
176 749 298
210 749 279
708 749 264
263 749 254
935 749 299
46 749 300
128 749 301
823 749 302
804 749 303
954 749 304
834 749 305
807 749 306
97 749 307
3 749 308
292 749 251
805 749 309
354 749 206
936 749 310
827 749 311
874 749 312
169 749 313
36 749 314
279 749 259
148 749 315
709 749 266
318 749 240
213 749 282
340 749 216
793 749 298
31 749 316
308 749 257
239 749 270
968 749 317
737 749 269
197 749 293
368 749 155
757 749 278
637 749 152
963 749 318
917 749 319
780 749 289
752 749 283
224 749 302
350 749 261
973 749 320
792 749 313
881 749 321
630 749 168
996 749 322
266 749 280
236 749 284
302 749 263
370 749 179
80 749 323
109 749 324
170 749 325
921 749 326
729 749 291
102 749 327
979 749 328
694 749 292
652 749 213
173 749 329
685 749 268
206 749 303
731 749 301
9 749 330
643 749 169
789 749 325
719 749 307
692 749 297
234 749 285
10 749 331
283 749 281
76 749 332
201 749 306
199 749 309
345 749 267
70 749 333
24 749 334
771 749 315
72 749 335
758 749 329
710 749 324
63 749 336
29 749 337
990 749 338
123 749 339
94 749 340
836 749 341
860 749 342
143 749 343
187 749 344
317 749 274
801 749 344
958 749 345
707 749 327
730 749 339
297 749 290
647 749 207
626 749 119
726 749 343
716 749 340
73 749 346
241 749 305
41 749 347
803 749 348
168 749 349
797 749 350
712 749 349
112 749 351
701 749 323
704 749 351
950 749 352
661 749 256
993 749 353
750 749 354
700 749 332
230 749 311
313 749 277
938 749 355
177 749 350
740 749 356
677 749 260
310 749 288
862 749 357
336 749 294
638 749 209
181 749 348
913 749 358
997 749 359
243 749 341
910 749 360
903 749 361
186 749 354
264 749 295
85 749 362
120 749 356
833 749 363
305 749 312
355 749 202
130 749 364
755 749 364
261 749 321
908 749 365
233 749 363
217 749 366
82 749 367
204 749 368
7 749 369
33 749 370
43 749 371
240 749 342
78 749 372
812 749 366
632 749 212
356 749 227
875 749 373
105 749 374
228 749 375
915 749 376
244 749 357
189 749 377
337 749 299
232 749 378
683 749 296
825 749 368
762 749 375
251 749 373
184 749 379
207 749 380
743 749 377
763 749 378
281 749 361
959 749 381
237 749 382
688 749 333
288 749 358
127 749 383
65 749 384
888 749 385
916 749 386
794 749 379
808 749 380
749 749 382
977 749 387
4 749 388
767 749 389
811 749 390
162 749 389
802 749 391
953 749 392
648 749 248
667 749 258
61 749 393
926 749 394
141 749 395
854 749 396
54 749 397
194 749 390
653 749 286
218 749 391
255 749 396
681 749 335
846 749 398
365 749 211
15 749 399
247 749 398
208 749 400
153 749 401
991 749 402
955 749 403
216 749 404
848 749 405
887 749 406
315 749 310
371 749 183
312 749 319
248 749 405
564 750 163
422 750 188
416 750 226
611 750 229
494 750 237
561 750 238
417 750 243
615 750 287
495 750 272
395 750 275
557 750 300
558 750 304
525 750 308
540 750 314
608 750 316
388 750 317
386 750 318
550 750 320
389 750 322
412 750 326
587 750 328
502 750 330
381 750 338
568 750 331
610 750 334
397 750 345
467 750 336
442 750 337
533 750 346
621 750 347
509 750 352
545 750 353
534 750 355
512 750 359
536 750 362
409 750 360
595 750 367
481 750 365
378 750 376
602 750 369
420 750 370
396 750 381
531 750 371
572 750 372
508 750 374
465 750 384
530 750 383
455 750 385
604 750 388
569 750 387
566 750 392
454 750 386
504 750 393
415 750 394
430 750 397
524 750 395
484 750 399
541 750 401
405 750 402
505 750 403
620 750 400
379 750 406
411 750 407
523 750 408
563 750 409
578 750 410
375 750 411
457 750 412
483 750 413
437 750 414
576 750 415
489 750 416
427 750 417
539 750 418
462 750 419
617 750 404
461 750 420
408 750 421
597 750 422
478 750 423
598 750 424
538 750 425
559 750 426
607 750 427
507 750 428
382 750 429
432 750 430
501 750 431
600 750 432
464 750 433
407 750 434
451 750 435
490 750 436
441 750 437
391 750 438
387 750 439
577 750 440
590 750 441
474 750 442
383 750 443
463 750 444
424 750 445
511 750 446
547 750 447
493 750 448
479 750 449
439 750 450
473 750 451
532 750 452
517 750 453
459 750 454
434 750 455
446 750 456
582 750 457
475 750 458
406 750 459
428 750 460
413 750 461
624 750 462
549 750 463
551 750 464
390 750 465
574 750 466
472 750 467
468 750 468
426 750 469
579 750 470
487 750 471
529 750 472
476 750 473
482 750 474
458 750 475
399 750 476
560 750 477
614 750 478
612 750 479
616 750 480
410 750 481
585 750 482
588 750 483
584 750 484
496 750 485
418 750 486
605 750 487
553 750 488
433 750 489
599 750 490
419 750 491
562 750 492
514 750 493
377 750 494
506 750 495
492 750 496
384 750 497
570 750 498
456 750 499
444 750 500
535 750 501
400 750 502
625 750 503
486 750 504
404 750 505
497 750 506
583 750 507
526 750 508
450 750 509
376 750 510
466 750 511
619 750 512
438 750 513
460 750 514
603 750 515
516 750 516
554 750 517
510 750 518
542 750 519
544 750 520
571 750 521
480 750 522
593 750 523
581 750 524
601 750 525
380 750 526
447 750 527
589 750 528
491 750 529
543 750 530
403 750 531
520 750 532
609 750 533
528 750 534
449 750 535
556 750 536
522 750 537
445 750 538
477 750 539
421 750 540
515 750 541
613 750 542
453 750 543
394 750 544
503 750 545
414 750 546
546 750 547
622 750 548
385 750 549
519 750 550
548 750 551
586 750 552
552 750 553
513 750 554
575 750 555
565 750 556
488 750 557
436 750 558
573 750 559
423 750 560
448 750 561
470 750 562
591 750 563
485 750 564
393 750 565
567 750 566
392 750 567
596 750 568
555 750 569
594 750 570
429 750 571
425 750 572
592 750 573
521 750 574
452 750 575
537 750 576
498 750 577
623 750 578
431 750 579
398 750 580
401 750 581
606 750 582
440 750 583
469 750 584
471 750 585
518 750 586
618 750 587
499 750 588
443 750 589
527 750 590
435 750 591
580 750 592
402 750 593
0 999 594
