Aleatorio WelshPowell Matula
204 212 202
207 202 208
209 204 214
210 200 214
208 202 214
208 201 216
204 203 214
209 200 216
204 203 214
211 198 214
207 200 218
211 202 217
209 200 219
205 202 219
211 203 217
212 201 218
210 200 218
209 200 215
207 200 218
206 199 214
209 199 213
209 201 216
211 200 218
205 203 215
205 199 221
211 204 215
204 201 219
206 203 215
204 201 214
208 202 211
207 199 216
206 200 216
209 204 213
206 197 215
209 199 214
204 201 213
206 200 214
208 204 214
203 204 212
210 204 219
209 202 215
209 202 216
209 199 207
207 203 216
212 201 217
210 198 217
207 204 217
207 199 212
204 202 216
210 198 219
208 199 219
208 197 215
206 198 212
207 203 215
209 203 217
207 200 215
207 201 213
203 200 216
206 202 219
208 201 216
207 197 213
209 199 211
212 198 220
212 201 216
210 199 216
204 200 214
205 198 218
213 201 218
209 200 216
206 203 214
205 200 218
206 199 216
204 197 214
207 199 220
206 201 215
204 202 212
210 206 220
207 199 214
208 200 214
209 199 218
208 200 218
206 202 217
206 199 221
206 201 215
206 200 212
209 199 213
205 198 213
211 200 217
210 203 216
209 202 217
209 203 213
198 200 217
211 202 215
208 203 212
209 198 215
210 202 214
207 197 219
202 202 214
207 201 215
205 200 212
207 202 215
210 199 214
206 201 219
208 204 216
206 199 216
201 201 215
212 202 219
202 200 217
204 200 215
208 200 214
210 200 215
206 199 215
206 199 214
210 201 211
208 196 219
209 197 213
209 201 215
206 202 219
213 202 216
204 199 210
204 197 215
204 199 214
207 203 217
204 204 213
205 198 218
208 203 215
201 199 214
207 203 213
208 201 218
208 200 214
206 202 217
207 202 218
204 200 218
208 198 213
206 203 215
210 200 216
204 203 216
204 198 218
206 201 219
210 200 216
204 200 214
210 203 213
207 198 213
207 199 215
208 200 219
207 202 213
206 201 216
202 200 216
206 198 218
209 196 212
209 197 216
208 199 213
203 203 217
208 199 217
208 200 219
205 202 221
206 195 218
207 203 220
208 201 214
207 201 219
209 199 217
205 198 220
207 202 219
204 201 210
208 200 214
202 201 215
210 200 216
206 203 218
211 203 217
207 201 215
207 202 215
209 201 215
211 203 219
210 204 213
212 201 214
211 203 218
207 199 216
209 205 213
204 199 216
209 200 213
208 201 219
210 203 215
208 200 217
209 196 219
210 201 216
209 203 217
208 202 215
204 197 218
208 200 215
210 201 216
208 205 214
205 200 218
206 203 214
207 202 216
206 201 214
215 203 216
211 201 212
206 203 220
205 196 214
208 204 213
206 199 214
208 200 213
210 202 217
208 201 216
208 199 217
204 202 214
209 202 215
208 197 214
208 201 216
210 200 216
211 199 218
209 204 218
209 199 215
205 199 214
211 203 214
209 199 217
208 201 209
207 199 214
210 201 215
208 197 217
207 200 218
204 200 215
211 199 221
206 203 218
208 201 213
210 198 215
209 201 212
210 201 213
213 200 210
203 202 218
208 203 219
210 204 219
210 202 215
207 199 215
209 198 215
208 205 217
204 197 214
206 201 217
209 199 212
209 199 213
210 195 213
207 201 212
206 199 217
206 201 214
206 200 214
209 204 213
203 203 218
207 202 213
205 202 218
203 201 214
206 200 217
205 201 215
205 202 216
212 199 213
207 197 216
207 198 216
212 198 213
208 202 215
205 197 215
205 206 213
210 197 217
209 201 215
211 199 212
207 199 213
206 201 213
205 202 214
212 206 218
211 200 219
209 201 215
205 201 209
210 204 215
206 205 216
207 201 214
213 201 212
206 200 218
205 200 217
207 206 212
206 200 215
210 202 212
205 200 218
213 204 216
209 204 217
209 200 217
208 200 212
208 199 215
210 198 217
206 203 216
208 200 214
208 203 215
206 200 215
204 205 219
208 202 213
205 200 215
211 199 208
207 203 217
207 201 209
210 199 216
209 201 215
209 202 214
210 203 213
206 204 211
207 199 217
210 197 216
210 200 213
209 200 217
207 199 219
211 201 216
211 201 214
207 199 214
209 198 215
205 202 220
206 202 214
211 198 215
205 205 211
207 202 218
208 201 220
207 201 211
206 202 215
205 201 217
206 202 218
211 201 215
209 201 213
207 202 220
205 200 219
203 201 215
202 204 215
210 201 212
206 206 216
209 201 212
204 199 212
208 198 215
202 199 216
206 203 215
202 201 216
206 200 213
207 203 215
209 204 216
209 203 217
206 204 216
210 200 218
211 202 216
208 200 215
209 199 214
208 199 218
208 203 213
205 198 217
210 198 213
209 200 213
206 202 212
207 200 220
208 203 219
205 201 217
207 198 214
210 199 216
210 200 215
205 204 213
206 203 214
207 203 214
205 196 214
209 202 215
203 200 218
207 200 218
207 197 215
207 205 215
212 200 213
205 200 214
208 198 213
211 200 218
209 201 218
208 201 217
205 201 218
208 201 217
207 201 218
208 203 222
205 199 221
211 199 215
207 198 213
207 198 216
205 201 216
208 202 214
205 202 216
207 200 218
208 203 214
210 203 217
207 201 215
207 199 212
205 204 216
208 203 217
204 202 214
205 198 218
211 204 215
210 201 210
201 202 218
212 198 214
209 201 219
207 200 215
211 205 212
204 200 213
209 198 213
208 200 214
209 202 214
206 203 219
207 201 216
206 198 217
204 201 217
208 198 215
207 204 214
207 199 214
210 199 215
206 203 218
208 197 213
206 198 216
209 199 216
210 203 217
207 200 216
204 201 212
206 198 215
206 203 215
206 200 214
209 200 215
208 200 217
208 203 217
205 201 216
207 201 210
210 200 213
211 199 214
207 200 219
202 201 218
203 201 220
205 204 211
211 201 219
206 204 218
211 201 214
208 200 214
207 199 221
208 201 218
206 198 213
208 202 217
204 203 214
210 200 218
209 201 219
207 204 215
206 200 210
210 200 214
205 200 218
209 200 217
209 202 214
207 197 217
205 202 218
209 200 218
205 200 219
205 202 215
211 202 216
210 202 214
206 204 217
208 203 218
207 202 213
205 203 213
205 204 217
206 201 216
206 200 214
206 197 214
208 200 216
207 201 211
208 201 217
210 197 217
209 199 215
209 201 214
210 202 212
212 208 210
207 201 214
207 199 214
204 201 212
209 201 214
207 204 214
207 202 212
204 196 219
207 199 218
206 199 215
207 199 215
201 202 216
209 205 217
211 202 216
206 201 214
210 204 216
209 202 217
208 200 216
208 199 211
206 199 210
204 200 217
211 203 216
209 197 217
209 204 217
208 196 213
204 201 214
208 201 217
204 201 214
207 204 214
203 204 214
210 200 213
206 204 215
210 201 215
211 199 218
204 204 211
214 200 215
206 199 213
208 200 216
210 202 221
213 199 216
210 205 206
205 200 217
207 200 216
207 199 216
207 195 218
210 200 216
206 199 215
209 199 218
208 202 216
211 199 219
207 199 213
207 202 217
206 200 215
205 200 213
208 199 213
212 198 213
204 202 214
205 204 216
210 201 214
210 205 216
208 200 214
209 201 217
210 202 218
207 201 217
207 200 219
210 202 213
208 199 216
208 200 214
208 201 218
212 199 213
205 201 217
206 199 216
205 202 215
210 204 214
209 205 215
212 200 211
206 201 217
207 203 213
209 201 216
210 202 217
208 199 219
206 196 214
207 203 215
208 202 214
209 196 217
205 199 218
204 198 220
209 200 213
214 202 215
203 199 212
206 201 213
205 198 215
209 203 215
203 201 216
207 199 219
206 200 215
208 201 215
209 199 216
210 200 215
204 198 217
209 203 216
208 197 213
211 201 215
208 203 215
198 202 215
207 202 216
209 202 217
209 204 217
212 201 218
207 199 215
207 198 216
208 200 218
205 200 221
205 202 219
205 206 215
205 201 215
207 200 214
210 199 214
204 203 215
210 206 218
208 204 214
203 196 215
205 200 214
208 201 218
206 202 216
209 200 213
205 202 212
211 203 213
208 199 215
207 198 212
206 202 213
203 199 215
203 203 214
206 196 215
207 201 216
205 201 217
207 197 212
206 201 215
210 204 215
206 203 218
209 198 216
213 199 218
208 201 209
212 201 215
211 202 216
211 202 214
207 199 215
210 200 214
206 198 215
205 204 217
201 199 211
209 201 216
209 202 215
205 199 213
207 198 216
211 202 215
210 202 211
213 202 218
209 201 215
211 204 215
209 200 215
203 203 216
214 201 216
203 201 220
204 200 216
210 202 215
208 202 220
207 203 215
209 201 214
207 197 214
205 202 216
206 204 209
207 204 215
209 201 217
209 202 217
210 201 216
211 199 212
212 204 216
205 202 217
212 202 217
206 199 215
206 204 216
210 204 213
207 204 215
210 201 212
210 195 218
207 200 212
206 202 212
210 196 219
208 198 215
208 200 214
207 199 212
210 200 209
206 198 219
206 201 214
204 201 214
202 203 213
210 202 214
205 199 212
209 198 218
208 201 216
206 203 216
209 203 213
211 202 218
205 200 215
205 201 214
209 200 215
209 198 217
208 202 216
210 203 217
211 204 220
205 204 209
208 200 217
205 199 215
211 201 217
207 198 214
206 200 221
208 204 216
211 199 220
206 196 213
207 197 216
208 196 215
211 199 214
207 201 216
205 200 217
209 203 216
208 202 220
209 202 216
208 201 212
212 201 217
203 201 219
203 205 216
205 202 214
207 200 215
204 204 222
207 203 215
210 201 218
206 204 213
206 201 215
208 200 212
211 200 219
209 201 214
210 198 218
206 199 218
207 199 215
210 202 212
208 200 210
207 201 215
209 200 215
210 200 217
205 197 221
208 201 217
209 201 218
210 206 215
207 198 218
207 199 216
206 201 211
208 202 218
210 201 213
207 202 215
201 199 219
203 200 214
204 202 211
204 202 218
209 198 213
208 201 213
206 202 218
201 202 215
206 201 214
210 203 213
208 199 214
209 203 212
207 201 221
210 203 215
204 202 216
207 200 213
208 201 217
211 199 218
203 205 215
205 201 216
206 198 217
207 195 214
209 204 217
208 202 215
205 200 217
208 199 217
208 200 211
209 198 214
209 203 218
209 203 215
208 200 217
206 201 214
211 205 215
206 199 215
205 201 214
207 205 217
206 202 214
207 199 212
206 202 215
207 201 216
209 201 215
206 199 216
210 201 216
204 204 214
210 202 212
209 203 214
208 203 215
203 203 212
206 202 215
205 202 215
207 202 211
205 200 215
210 202 214
204 202 214
201 199 218
208 201 213
207 204 212
202 202 216
208 198 219
207 202 214
208 202 214
209 198 212
206 198 217
205 200 216
207 199 221
208 204 213
211 200 218
206 201 215
205 205 211
209 201 209
205 200 214
208 203 216
211 200 218
208 200 214
207 200 214
205 200 213
207 199 220
204 201 216
206 198 212
203 200 216
209 201 216
206 201 216
203 201 212
206 204 212
203 199 215
210 199 216
204 199 215
205 203 217
201 203 214
209 203 216
216 199 216
209 198 214
202 200 217
212 202 221
210 198 213
209 207 215
207 200 219
212 197 216
205 201 216
209 201 218
208 199 216
211 195 214
209 202 216
207 199 216
214 201 216
209 205 213
211 199 215
205 198 213
209 201 214
208 202 216
207 201 218
205 201 215
207 201 213
209 196 214
206 199 218
209 199 219
208 198 218
210 200 218
210 201 217
206 205 217
207 200 219
212 202 216
208 202 214
208 204 214
206 198 214
210 197 215
203 203 214
210 197 219
208 201 214
205 198 214
212 201 225
211 200 217
208 201 220
207 199 217
213 200 218
208 199 215
206 200 215
211 203 216
206 202 215
208 204 215
211 200 211
210 200 216
203 208 214
204 201 216
202 205 214
205 196 215
212 199 214
210 202 212
207 200 217
209 196 217
206 201 212
206 200 214
211 199 215
209 203 218
208 205 216
207 199 216
211 202 219
207 202 214
213 199 214
206 203 218
206 203 214
204 200 213
208 201 214
206 200 215
208 199 214
209 202 215
212 202 215
210 203 213
212 204 213
205 205 211
205 203 217
204 198 213
206 201 213
203 202 218
209 197 216
211 200 213
204 202 215
207 203 215
204 204 216
202 199 217
210 201 211
213 201 212
208 201 213
209 205 218
209 201 214
208 201 216
209 206 217
209 198 216
210 201 219
208 202 212
208 199 214
210 197 219
209 202 214
208 204 216
208 199 214
209 198 213
208 203 218
213 203 211
206 197 219
209 202 219
209 200 217
208 202 213
205 202 216
213 200 216
211 202 218
209 197 215
209 203 213
208 201 216
208 202 214
207 201 216
209 199 217
207 199 216
214 199 215
208 202 211
205 198 210
206 206 218
208 204 214
208 202 213
209 198 218
213 202 214
204 202 214
203 203 213
206 197 216
210 204 214
206 201 216
209 198 216
208 201 214
208 200 215
204 199 208
208 206 215
211 198 218
206 202 215
210 198 213
213 203 213
206 202 216
210 203 219
207 204 218
209 202 218
207 202 216
213 199 216
204 202 216
211 200 212
212 200 221
206 200 215
208 200 213
209 200 215
207 198 215
212 204 215
205 202 217
205 199 212
211 198 215
207 203 222
208 198 212
208 201 216
214 198 214
204 198 215
205 200 218
207 204 217
210 204 214
208 198 217
208 201 214
208 203 220
205 200 216
208 199 219
208 202 217
206 198 216
204 196 221
206 200 211
204 204 216
204 198 217
209 198 217
