Aleatorio WelshPowell Matula
338 340 382
341 386 378
338 376 376
340 386 377
339 379 377
337 376 376
340 379 379
338 386 382
340 380 372
340 385 382
340 374 383
337 381 376
336 380 376
340 377 378
340 378 379
341 380 381
339 377 380
340 377 373
340 379 381
337 379 376
338 374 371
340 381 383
339 377 383
337 377 378
337 378 381
338 375 380
336 380 379
340 377 373
342 376 382
337 376 379
340 381 392
336 377 384
342 375 381
342 379 382
337 383 379
338 383 378
336 373 380
338 377 381
339 370 380
342 373 375
341 379 377
338 375 378
338 376 381
339 379 380
340 372 386
344 377 381
344 384 378
341 377 377
337 377 378
340 377 382
340 377 381
341 377 374
340 377 373
339 382 376
345 376 386
341 377 380
338 373 380
338 373 381
337 376 376
339 372 381
341 381 375
342 382 374
344 381 376
342 382 381
339 375 386
338 373 373
341 376 381
343 376 378
342 379 378
341 382 376
336 378 380
341 380 386
337 379 382
338 378 372
337 381 381
339 374 384
344 377 383
342 379 380
338 374 378
348 377 373
336 378 380
340 377 377
340 379 380
337 375 381
340 382 382
339 380 389
338 379 380
343 375 385
340 373 377
342 380 379
339 382 374
337 380 375
340 379 374
341 388 382
339 383 377
337 380 375
338 378 377
339 379 386
340 380 376
340 374 380
337 378 380
338 385 384
338 381 378
339 375 378
338 380 381
340 375 387
342 375 376
338 379 378
338 376 377
343 379 380
340 375 382
340 376 380
349 372 382
340 381 380
338 377 381
339 370 374
339 374 376
341 376 372
338 380 387
340 387 378
345 377 387
339 379 382
338 378 377
340 375 376
340 373 381
344 380 386
341 378 379
339 379 380
336 377 382
340 377 379
341 387 373
340 377 378
338 381 386
341 377 375
338 374 376
337 381 380
338 374 374
342 380 383
339 377 375
340 378 376
339 380 380
341 382 380
341 382 382
338 376 379
340 379 375
337 375 374
338 376 379
338 378 379
340 368 383
339 380 381
338 375 378
339 382 381
339 376 377
338 381 381
337 377 379
337 374 383
338 380 376
336 377 383
341 378 383
337 369 388
342 378 380
338 379 381
338 379 376
340 392 383
337 380 378
337 383 380
340 389 372
342 378 380
339 379 379
339 378 379
340 374 373
336 372 376
337 377 372
340 384 383
339 378 377
339 374 379
341 382 377
337 382 379
340 373 384
343 383 380
340 374 380
337 379 380
342 375 376
341 375 378
341 389 380
341 377 383
336 380 371
342 381 380
337 382 380
338 375 382
342 381 374
339 378 373
342 380 377
337 373 378
339 377 381
340 385 378
335 376 382
341 385 375
341 375 381
342 381 385
337 379 380
341 383 374
338 373 374
337 376 376
340 378 384
344 375 379
345 378 380
340 382 382
339 379 380
338 373 377
338 387 380
337 374 384
338 377 385
341 373 378
341 381 380
342 380 382
346 374 379
339 380 378
341 377 382
337 374 381
346 380 385
343 381 379
338 380 382
339 374 374
340 379 379
338 377 378
339 382 375
339 392 380
340 381 378
336 380 381
340 372 380
338 378 381
337 381 377
339 375 378
337 380 378
338 375 380
342 383 376
343 381 376
339 384 376
338 376 376
343 379 381
340 375 376
340 379 379
337 386 373
339 378 389
337 374 374
338 378 383
339 379 379
338 374 376
340 381 378
344 375 380
338 381 376
338 379 379
340 381 377
338 383 383
337 380 374
343 375 380
337 384 381
338 381 383
341 378 379
339 380 384
337 385 383
342 378 378
339 379 379
337 374 382
340 382 374
342 381 377
339 380 377
337 379 387
341 383 382
337 373 381
339 373 382
339 383 378
338 377 379
339 379 376
340 380 377
342 372 373
340 376 383
338 367 382
340 379 385
336 385 381
337 378 374
338 376 382
338 379 375
337 373 376
340 381 379
337 376 377
337 380 380
339 381 384
341 380 379
341 383 376
344 379 380
340 376 375
342 376 376
339 380 379
337 375 381
339 378 383
339 384 381
338 374 376
340 379 385
340 373 380
339 379 380
339 385 381
342 375 379
341 375 383
339 377 379
339 377 378
337 379 380
341 380 383
341 381 378
338 376 379
338 373 385
337 384 382
337 376 381
341 379 377
339 378 382
338 376 375
344 378 380
341 377 380
342 381 381
340 382 382
337 375 374
340 379 381
343 379 374
340 377 387
339 374 375
338 379 382
338 377 384
338 379 377
341 379 381
339 374 375
342 377 376
338 380 382
340 372 380
340 378 374
337 378 379
339 379 380
341 377 375
338 380 387
336 380 381
343 379 380
338 377 384
339 381 378
339 372 382
338 380 385
339 384 378
344 380 380
338 377 375
341 381 381
342 380 384
338 373 378
344 374 379
339 395 380
339 379 384
341 375 380
341 384 379
342 386 379
337 381 395
344 376 374
338 378 377
338 386 377
339 372 384
338 375 389
340 378 382
336 375 380
338 374 385
343 386 387
340 377 379
339 379 390
339 376 382
342 376 387
339 388 386
339 383 379
342 382 380
339 378 375
339 375 378
337 382 378
340 377 377
338 377 377
341 373 382
338 380 380
340 376 382
341 376 376
339 384 383
337 378 380
339 382 382
340 376 377
342 377 386
338 385 382
341 386 379
338 378 380
340 385 377
340 379 375
337 380 377
345 373 379
347 375 385
342 382 373
338 377 377
338 378 378
336 384 379
338 381 378
339 380 378
341 376 391
343 378 374
341 378 384
343 376 372
338 377 383
339 381 377
340 381 383
341 374 379
339 377 377
340 381 375
340 381 382
341 380 382
341 383 382
342 382 387
341 379 373
339 382 380
342 378 370
337 372 377
340 382 381
340 373 383
340 384 381
340 377 375
338 378 384
343 379 378
342 382 378
342 379 383
339 384 374
347 379 377
338 372 384
337 379 383
338 381 373
338 374 379
338 377 377
340 378 382
341 378 382
338 371 379
339 378 386
338 379 387
342 374 377
338 373 377
338 372 386
342 377 383
337 378 384
341 378 375
340 379 374
337 383 382
338 380 383
337 382 379
343 379 384
340 381 382
341 381 382
336 370 381
340 381 380
340 375 374
338 379 382
338 382 381
337 380 382
338 380 378
337 378 383
340 374 387
338 371 379
340 381 388
340 375 382
339 383 381
338 373 372
340 379 376
338 382 379
339 383 383
342 377 379
339 376 382
339 379 373
338 380 382
338 371 377
344 375 378
346 379 377
345 379 379
337 373 381
336 381 378
337 380 379
339 381 371
340 375 385
339 381 377
338 374 384
339 385 379
339 378 381
337 382 381
343 372 377
337 377 384
337 379 378
339 381 382
339 374 377
343 378 381
338 385 382
340 385 385
336 375 374
339 380 379
346 380 378
346 384 382
340 377 384
338 375 377
336 373 376
341 376 374
340 374 376
337 380 376
337 381 381
340 387 374
339 378 384
339 376 379
336 379 383
339 373 385
340 379 384
341 382 381
337 379 374
338 370 376
340 382 379
339 374 378
340 378 376
338 378 379
338 374 380
339 371 379
338 383 377
339 382 375
340 377 381
337 380 383
338 380 377
341 370 375
341 379 382
341 376 378
342 379 379
337 388 378
339 381 379
338 378 383
338 385 374
337 379 381
339 381 381
343 380 380
337 379 384
340 371 378
339 382 383
341 375 384
337 379 380
342 374 374
342 387 375
339 377 376
339 382 384
342 378 385
339 385 382
341 386 376
337 377 375
339 384 385
340 378 380
338 374 382
346 376 376
338 377 381
339 382 380
337 382 378
339 378 383
338 375 374
340 385 382
341 373 386
343 376 382
336 377 380
339 384 379
338 377 384
337 376 376
337 371 380
345 379 378
343 384 374
341 371 390
341 381 377
339 376 386
340 379 373
338 377 382
341 376 379
339 378 378
341 383 381
341 376 379
341 376 382
341 372 380
338 379 377
338 388 380
337 377 381
339 380 376
337 387 379
337 379 381
341 381 378
337 379 377
338 381 377
338 379 379
341 376 384
338 381 381
339 373 374
340 381 378
336 377 378
338 375 381
340 377 381
340 382 375
341 376 386
338 374 374
339 376 379
338 376 377
342 379 378
339 374 384
338 390 383
339 374 380
341 376 383
338 378 382
337 373 376
343 379 381
338 387 382
339 376 378
339 383 373
337 381 383
342 371 376
338 386 380
337 378 377
339 380 384
339 382 378
337 379 381
341 382 379
340 375 372
339 372 388
338 374 387
339 373 378
339 372 375
339 385 378
340 378 381
342 371 382
338 374 375
338 381 377
337 373 384
339 379 381
339 377 375
337 380 376
337 379 389
342 375 378
341 372 386
340 376 388
340 381 375
339 381 374
343 377 377
344 381 371
338 382 384
338 376 373
340 377 382
340 375 377
338 380 378
340 377 378
344 379 381
340 376 378
343 375 372
341 376 374
343 376 385
338 378 376
339 377 381
341 376 375
337 380 378
341 373 383
339 377 379
339 376 380
337 372 383
340 376 378
340 383 390
340 377 379
339 377 378
336 373 376
337 377 375
339 377 378
341 380 375
337 378 378
339 381 383
339 386 384
337 371 386
338 374 380
342 373 381
340 382 376
339 377 384
339 374 384
337 378 373
338 386 373
339 379 382
339 385 384
338 379 383
338 389 383
338 378 378
342 379 381
341 387 380
338 375 383
337 385 382
338 384 374
341 380 376
338 378 381
340 382 379
341 386 373
340 382 378
339 379 381
339 381 379
337 383 378
338 379 380
338 373 381
342 379 371
337 379 379
342 375 376
339 374 381
338 377 376
340 380 380
341 375 374
340 385 380
338 374 377
339 378 379
340 378 378
339 376 380
341 384 374
337 376 377
337 375 376
340 379 383
337 372 374
340 379 377
341 379 379
339 376 387
342 380 377
340 379 375
345 376 382
345 377 387
341 376 376
339 372 379
338 379 380
340 379 381
338 377 378
337 376 383
338 374 373
337 384 379
342 371 380
339 383 379
344 385 380
340 379 379
341 376 372
339 369 373
338 378 383
336 384 377
339 371 387
342 377 379
338 376 379
338 380 381
338 379 381
345 384 376
340 379 381
341 382 380
337 379 382
340 381 380
340 377 378
341 380 381
339 377 376
342 373 384
340 377 382
338 374 378
340 381 377
339 382 378
341 375 381
339 376 380
339 375 375
341 382 386
339 381 374
340 380 381
336 386 379
338 370 377
347 380 380
341 379 385
343 382 385
336 375 382
344 377 381
338 377 384
339 376 376
338 385 382
338 375 377
341 377 380
344 372 377
341 379 378
343 384 380
337 366 379
340 382 381
340 377 383
338 382 379
338 375 382
339 379 378
340 384 381
341 371 378
337 377 384
339 379 385
341 377 378
343 378 384
338 379 374
337 380 382
336 377 380
340 380 382
339 380 383
340 381 371
337 374 379
338 379 378
338 378 381
342 379 372
342 381 380
345 375 381
338 375 373
338 376 383
338 383 376
337 374 378
339 383 383
342 385 382
338 381 383
343 378 381
339 376 376
338 372 378
338 377 381
340 385 375
337 382 389
342 374 383
339 378 378
341 379 383
338 379 377
337 374 376
338 375 383
341 380 369
337 387 380
341 376 375
339 377 378
343 381 382
340 381 385
338 378 377
338 375 379
340 384 386
338 381 385
338 376 380
341 380 375
338 379 379
338 377 376
336 378 382
340 377 379
341 382 379
338 375 381
339 380 380
338 380 378
340 374 381
338 384 375
339 383 383
338 379 383
339 373 382
339 385 376
340 380 376
344 375 385
339 387 382
337 379 380
338 380 376
340 381 372
336 379 378
340 381 383
338 380 380
342 386 381
338 384 379
340 380 378
339 388 378
340 384 380
338 379 385
341 380 381
339 378 380
342 382 375
339 375 384
339 373 388
340 376 376
344 377 373
338 371 378
340 381 378
337 379 379
341 378 382
342 371 381
336 383 381
339 378 380
340 380 373
340 377 373
339 379 389
340 381 380
336 376 371
337 378 377
341 385 377
342 377 377
338 380 385
337 375 376
337 376 379
339 377 378
339 373 375
337 382 382
339 387 383
340 384 384
341 385 383
339 380 382
340 376 371
340 379 374
337 378 384
337 373 384
336 380 378
338 379 378
339 377 375
338 381 377
336 384 377
340 377 382
345 379 383
337 385 380
338 378 375
338 371 378
339 376 370
338 377 380
340 383 381
339 378 382
340 381 375
340 376 380
340 381 378
338 370 389
344 386 382
338 380 381
340 376 382
340 381 377
340 384 383
338 385 381
343 378 381
339 375 377
341 379 375
339 378 381
337 377 383
336 375 379
341 382 378
340 373 381
339 393 384
340 381 375
340 380 377
336 379 384
340 378 378
341 374 384
341 389 374
340 376 386
338 382 379
341 376 383
339 375 381
336 379 383
341 373 383
340 377 380
339 383 375
337 378 376
340 378 380
338 383 381
341 380 386
340 376 374
338 376 379
338 374 374
338 377 384
343 375 370
340 379 375
343 375 382
340 374 377
340 382 376
338 376 381
340 376 387
338 378 382
337 378 376
338 379 376
340 376 378
337 379 375
339 376 379
339 379 378
338 373 391
342 380 387
342 383 375
338 377 380
344 376 376
342 375 377
340 377 373
338 378 381
344 383 378
339 377 383
342 379 384
341 381 383
343 382 380
337 379 378
341 377 384
339 381 383
337 379 381
342 378 382
339 374 383
340 376 375
338 379 382
336 377 379
339 382 377
338 383 383
339 381 379
337 372 377
342 376 376
338 373 373
342 381 379
341 381 378
