Aleatorio WelshPowell Matula
68 67 65
66 66 72
68 65 69
66 64 71
68 63 71
67 65 69
68 63 70
67 65 71
67 64 72
68 62 71
67 65 70
66 64 70
67 65 70
69 66 70
67 65 69
66 63 70
68 64 71
67 65 70
66 65 70
66 64 71
66 64 71
67 63 70
67 64 70
66 63 72
68 65 70
67 64 71
67 63 70
70 63 71
68 65 72
67 64 70
67 62 68
67 62 69
68 64 70
65 64 69
66 63 70
67 64 71
66 63 70
66 64 70
66 64 71
67 64 72
67 64 71
68 64 69
68 63 69
68 65 69
66 64 71
66 66 71
65 63 71
66 65 71
67 65 71
66 64 70
65 64 71
66 64 70
66 63 72
67 64 70
69 63 71
68 64 70
66 62 70
67 63 72
68 63 70
65 65 70
68 65 71
68 63 69
67 65 69
67 65 71
67 65 72
68 62 70
67 64 72
66 65 70
69 65 69
68 63 70
68 65 70
65 65 69
69 65 70
65 65 71
67 65 69
68 65 70
69 64 71
67 63 71
68 63 70
67 64 69
67 66 69
68 65 71
68 64 69
67 64 69
65 65 71
65 63 70
68 64 70
67 63 70
69 65 70
66 64 72
68 64 71
66 64 72
64 66 71
68 63 71
65 65 69
68 64 71
69 64 69
68 64 70
69 62 70
67 64 70
67 63 71
69 64 70
67 65 71
67 65 72
68 64 69
67 64 71
68 66 73
68 65 70
67 65 71
66 65 70
67 63 71
66 63 68
66 64 71
69 65 69
68 64 71
69 65 70
67 64 71
67 63 71
67 64 69
68 63 69
67 64 70
66 63 71
69 64 69
66 63 70
68 64 69
65 65 69
67 63 70
68 63 70
67 63 69
67 65 71
67 63 70
68 64 71
67 64 69
67 64 72
67 65 70
68 65 70
66 64 71
67 63 70
66 65 72
69 63 69
66 65 71
66 65 69
67 64 70
67 63 71
66 64 73
66 63 69
67 64 71
67 64 70
68 64 69
68 65 72
67 64 71
68 63 70
67 63 69
66 66 70
65 64 71
67 65 71
68 64 70
68 65 71
69 66 69
66 64 70
67 63 68
69 66 70
66 64 71
68 63 69
67 64 71
67 64 70
69 64 71
68 65 69
67 63 69
66 64 70
66 63 71
69 65 71
68 65 71
66 64 72
68 65 70
68 66 70
68 64 71
66 65 71
69 64 71
68 63 70
65 66 71
69 63 71
66 64 70
67 65 70
68 63 69
67 64 69
68 64 71
69 64 72
67 64 70
68 66 69
67 63 70
68 66 70
66 63 70
66 63 68
67 64 70
67 65 71
68 63 70
66 65 71
69 63 71
65 63 69
67 63 73
66 64 70
67 65 71
68 63 70
66 64 71
66 64 70
68 63 70
67 66 69
66 64 70
68 64 70
67 65 71
67 64 70
67 63 71
67 64 70
66 63 71
69 63 72
68 65 70
68 66 71
68 64 70
68 65 71
69 62 69
67 63 69
67 65 70
68 65 70
66 65 72
65 64 71
66 64 71
68 63 69
66 64 72
66 64 69
69 65 69
67 62 70
67 63 70
67 63 71
67 64 70
66 63 71
67 63 69
65 64 72
68 65 72
68 64 70
68 65 69
67 64 69
67 63 70
67 66 68
67 64 71
67 63 72
68 63 69
67 65 70
66 64 72
67 63 69
68 65 71
68 64 69
67 65 70
68 63 71
67 64 69
67 63 71
67 64 70
67 63 71
66 63 70
68 62 72
66 66 69
68 62 69
67 65 70
66 65 70
68 64 71
69 63 70
66 64 72
67 64 74
68 65 69
66 63 69
66 64 71
67 64 71
66 64 71
68 65 71
67 66 71
66 64 70
65 65 71
65 65 70
67 62 70
66 62 70
66 64 72
65 65 69
68 62 71
68 63 72
68 63 71
66 62 71
67 66 70
70 64 72
66 63 71
67 62 71
66 64 69
67 63 71
66 64 71
67 66 70
67 65 69
67 63 70
67 64 69
67 65 72
67 63 71
66 64 71
67 66 70
67 64 70
66 64 70
69 62 72
66 64 70
67 66 71
70 64 71
66 64 70
66 63 69
69 63 70
65 64 69
67 64 72
67 64 73
67 63 72
64 66 68
66 65 69
67 64 70
68 64 70
68 65 71
67 64 70
68 64 70
69 65 69
66 65 71
68 66 70
67 65 70
66 61 69
68 63 71
66 64 70
66 64 71
66 63 71
68 62 72
68 62 68
66 65 73
66 64 69
66 63 72
67 65 69
69 65 72
68 64 70
68 64 69
67 64 71
67 66 71
66 63 71
68 65 71
68 63 72
65 63 72
66 66 70
67 63 70
67 66 71
67 62 72
66 64 68
68 64 69
68 64 70
68 64 70
68 65 71
67 65 71
69 65 71
68 65 71
66 64 71
69 63 71
67 64 71
66 64 69
69 65 69
67 66 70
67 63 71
66 65 69
67 65 71
68 64 72
67 64 70
69 62 70
66 64 69
66 64 70
68 65 69
67 64 71
69 64 70
67 65 71
66 64 69
67 65 70
67 65 71
66 64 69
66 64 70
67 64 71
68 64 69
68 66 71
67 65 68
67 64 71
67 65 70
68 62 69
66 63 68
67 65 72
68 64 71
67 66 68
69 63 71
68 65 71
66 64 73
65 65 69
66 63 70
66 64 71
66 64 72
69 65 69
69 65 70
67 64 71
67 65 70
69 63 71
66 63 70
69 65 72
68 64 71
67 63 69
67 66 70
68 65 71
68 64 71
66 63 71
68 64 69
67 64 70
67 63 71
67 64 71
68 64 72
69 63 73
67 64 72
68 64 71
67 64 70
68 66 70
68 65 71
66 65 72
66 64 69
67 64 69
67 63 71
69 64 70
68 65 68
65 64 72
66 64 70
67 63 71
68 65 71
66 63 71
67 64 69
66 63 70
67 65 71
66 64 71
67 65 72
66 65 72
67 65 70
67 64 70
66 63 70
66 65 70
66 64 70
68 64 69
68 65 71
67 65 70
68 65 71
67 66 71
67 65 71
67 66 69
66 64 70
68 65 70
66 64 70
69 63 70
68 63 71
66 63 69
68 64 72
66 64 69
67 64 69
67 64 69
65 65 70
67 64 71
66 65 70
66 62 69
66 65 71
67 65 69
66 66 70
66 64 72
67 66 70
67 64 72
67 65 71
69 65 70
66 63 70
65 65 70
68 64 72
68 64 69
67 64 69
68 64 69
66 65 71
68 65 69
67 64 70
67 65 70
66 64 69
68 64 70
67 64 71
66 64 70
66 63 71
67 65 72
67 64 70
68 65 71
66 64 70
67 65 70
67 63 69
67 63 69
69 64 70
65 64 71
67 63 69
68 64 71
66 66 72
67 64 71
66 63 71
67 63 69
66 64 72
67 61 72
68 62 68
68 66 71
69 64 70
68 65 68
68 65 68
68 64 70
68 64 69
67 64 70
66 66 70
67 63 69
69 64 69
67 64 70
66 65 72
67 64 71
68 64 71
67 63 72
66 63 70
68 64 71
68 64 70
67 62 70
67 64 72
69 63 70
67 65 70
69 63 72
68 64 70
65 63 70
68 67 69
66 63 71
67 65 71
66 63 71
67 62 71
66 64 70
68 64 70
67 64 71
68 64 68
69 65 71
67 62 71
69 64 72
67 63 72
67 63 70
66 65 71
65 63 71
68 65 70
67 63 70
68 63 72
66 63 71
68 64 69
69 64 72
67 64 69
67 64 71
67 64 70
67 62 69
68 64 72
69 65 71
68 64 71
69 63 71
67 64 73
65 64 70
68 65 68
68 63 70
67 65 70
68 63 71
67 65 70
67 63 72
66 65 70
66 63 72
67 65 72
66 64 69
67 65 70
67 62 68
67 64 71
68 64 71
69 64 70
68 65 70
67 65 70
66 63 71
66 65 72
67 64 70
65 63 73
67 65 68
66 62 69
68 64 70
69 64 71
69 64 70
67 64 70
68 64 71
68 64 71
66 65 72
68 64 71
66 65 73
68 64 72
66 63 70
67 64 70
66 64 69
66 64 70
66 64 72
67 63 72
68 62 69
66 63 70
67 64 71
64 65 71
66 63 69
66 62 70
64 64 70
66 63 72
68 64 69
69 65 72
69 64 70
67 63 72
67 64 71
67 66 71
65 62 70
67 65 68
68 64 71
68 65 69
67 65 69
68 67 71
68 65 71
66 64 73
67 65 70
68 63 69
68 64 71
66 64 71
66 63 70
67 64 70
68 64 71
68 64 71
66 63 69
68 63 69
67 63 70
66 65 70
66 65 70
66 64 71
67 63 69
66 64 70
66 63 71
67 65 69
67 65 70
67 63 72
66 65 73
68 65 71
67 64 70
69 64 72
67 64 71
66 65 73
65 66 72
67 63 70
65 65 70
66 64 70
66 64 71
67 64 70
69 64 70
68 64 70
67 63 71
67 64 69
66 64 70
66 63 69
66 64 71
66 64 70
65 63 71
67 65 70
68 63 70
64 65 71
66 65 70
68 64 71
68 64 71
68 63 71
68 65 70
66 64 71
67 64 71
67 65 69
66 64 70
68 63 68
66 65 69
67 65 69
67 63 71
68 63 69
68 63 71
70 63 69
66 64 72
68 64 69
68 64 72
69 64 71
67 64 71
66 64 73
68 64 70
67 64 70
66 65 71
66 63 71
68 65 71
68 66 69
67 64 71
67 64 68
67 64 70
66 64 70
68 65 71
67 63 70
68 64 72
69 66 70
68 66 69
69 64 68
67 63 71
68 63 71
66 65 69
66 64 70
67 64 70
67 67 72
68 64 70
68 65 72
67 64 70
67 64 70
68 64 73
67 65 69
67 65 68
68 65 73
67 63 70
67 64 70
67 63 70
68 64 70
69 63 71
67 64 71
66 64 71
67 65 73
67 63 72
67 63 68
66 64 71
67 64 70
67 63 70
68 63 72
66 63 70
67 64 71
66 63 70
68 64 70
65 65 69
67 63 69
67 64 68
68 66 71
67 63 69
66 62 71
66 64 71
66 63 69
68 65 70
67 65 70
66 62 68
66 64 69
68 64 69
68 64 70
67 65 71
68 63 71
69 63 71
68 66 70
68 65 70
67 63 69
66 65 71
66 65 71
66 65 69
67 64 67
68 64 68
66 64 70
66 65 72
67 64 69
66 64 72
67 65 71
68 63 70
69 65 70
66 67 69
68 65 69
66 65 70
67 64 72
68 66 70
67 64 69
66 63 69
67 64 71
68 64 70
66 64 70
68 65 71
67 62 70
68 63 69
67 65 71
68 65 69
67 64 69
66 63 70
69 66 72
65 66 70
67 64 71
65 64 71
69 66 71
69 65 69
68 64 70
65 66 70
68 64 69
67 64 69
68 65 70
67 65 71
67 64 71
67 65 71
66 64 71
68 65 71
67 65 71
66 64 68
66 64 70
66 66 69
66 64 70
66 67 70
65 64 72
67 64 72
67 64 70
67 64 72
67 65 70
67 63 68
68 63 68
66 64 72
68 64 70
66 64 69
66 62 72
67 65 71
67 63 69
68 65 72
67 64 70
67 64 71
66 64 70
66 65 71
68 64 68
68 64 73
66 66 70
69 64 70
68 64 72
68 63 68
67 64 68
67 65 74
67 64 71
68 63 71
66 65 71
66 64 73
68 64 72
68 64 69
66 64 73
67 64 72
66 63 69
67 65 70
68 65 70
68 64 70
67 63 70
67 64 69
67 63 70
68 66 70
68 64 71
68 64 72
68 64 72
66 65 70
64 65 70
67 66 71
67 64 74
66 65 70
67 64 72
66 65 71
69 63 73
67 63 69
66 64 71
65 64 69
68 65 72
66 64 72
68 66 73
69 64 70
68 65 72
68 63 68
66 65 70
66 63 70
67 65 71
66 65 69
66 62 70
66 64 71
67 65 71
68 66 70
65 64 70
68 64 71
65 65 70
69 65 69
68 64 72
67 64 69
67 64 69
67 64 72
67 65 70
67 64 70
68 65 70
69 64 71
67 65 71
68 64 70
66 65 68
66 63 71
66 64 70
67 64 72
68 65 71
68 63 72
66 63 72
68 65 71
69 66 70
67 64 71
67 64 69
67 66 69
68 65 73
67 65 70
68 63 72
68 65 71
68 63 72
67 66 71
67 65 71
67 64 72
68 65 69
68 63 70
67 62 71
67 66 68
68 65 72
66 64 70
66 65 72
69 64 72
68 62 70
70 64 69
67 64 72
67 66 69
65 65 69
68 64 70
67 63 70
68 64 71
68 64 70
68 65 70
66 65 71
66 64 71
66 63 72
68 64 68
66 63 69
67 64 70
68 65 69
68 65 71
68 64 73
68 65 70
65 64 71
67 64 69
67 66 68
66 64 73
66 63 72
67 63 69
65 64 72
67 65 69
67 63 69
68 64 68
68 64 69
67 65 70
68 64 69
67 65 69
67 62 71
66 64 70
67 65 70
67 63 69
68 63 69
67 65 72
69 63 70
66 63 72
66 66 71
68 63 68
66 64 70
68 64 69
69 64 70
68 64 70
66 65 70
66 64 71
68 63 68
68 63 70
66 66 69
67 66 69
68 62 70
67 64 71
66 63 70
68 64 70
66 63 70
67 65 71
67 64 71
65 65 71
67 63 69
69 64 71
66 65 69
66 65 71
67 63 70
69 64 70
68 64 72
67 65 71
66 65 70
67 64 70
67 63 71
66 63 71
67 65 71
65 65 69
67 64 68
66 65 70
66 63 68
